BackupNameAttachment=" Build(0) 01 Dec 20 (17 51 52)"  -- used by backup system
Log Started at 12/01/20 17:51:52
Built on Jun 21 2016 16:48:02
Running 64 bit Windows version
Executable: C:\Users\Owner\Desktop\CS\CSE824\CSE824_Project\GameLift_MultiplayerSampleClient\GameLiftSampleClient\Bin64.Release\MultiplayerProjectLauncher.exe
FileVersion: 0.0.0.0
ProductVersion: 0.0.0.0 - Build 0
Using Microsoft (tm) C++ Standard Library implementation

Total number of logical processors: 8
Number of available logical processors: 8
Total number of system cores: 4
Number of cores available to process: 4
 
Processor 0:
  CPU: Intel Intel(R) Core(TM) i7-6700HQ CPU @ 2.60GHz
  Family: 6, Model: 14, Stepping: 3
  FPU: On-Chip
  3DNow!: not present
  MMX: not present
  SSE: present
  SSE2: present
  SSE3: present
  Serial number not present or disabled
 
Processor 1:
  CPU: Intel Intel(R) Core(TM) i7-6700HQ CPU @ 2.60GHz
  Family: 6, Model: 14, Stepping: 3
  FPU: On-Chip
  3DNow!: not present
  MMX: not present
  SSE: present
  SSE2: present
  SSE3: present
  Serial number not present or disabled
 
Processor 2:
  CPU: Intel Intel(R) Core(TM) i7-6700HQ CPU @ 2.60GHz
  Family: 6, Model: 14, Stepping: 3
  FPU: On-Chip
  3DNow!: not present
  MMX: not present
  SSE: present
  SSE2: present
  SSE3: present
  Serial number not present or disabled
 
Processor 3:
  CPU: Intel Intel(R) Core(TM) i7-6700HQ CPU @ 2.60GHz
  Family: 6, Model: 14, Stepping: 3
  FPU: On-Chip
  3DNow!: not present
  MMX: not present
  SSE: present
  SSE2: present
  SSE3: present
  Serial number not present or disabled
 
Loading system configuration from system_windows_pc.cfg...
<17:51:52> GameDir: MultiplayerProject
<17:51:52> Windows 8 64 bit (build 6.2.9200)
<17:51:52> System language: English
<17:51:52> Windows Directory: "C:\WINDOWS"
<17:51:52> Local time is 17:51:52 12/01/20, system running for 26780 minutes
<17:51:52> 12184MB physical memory installed, 2945MB available, 134217727MB virtual memory installed, 75 percent of memory in use
<17:51:52> PageFile usage: 39MB, Working Set: 42MB, Peak PageFile usage: 39MB,
<17:51:52> Current display mode is 1920x1080x32, (Unknown graphics card)
<17:51:52> Japanese keyboard and 16+ button mouse installed
<17:51:52> --------------------------------------------------------------------------------
<17:51:52> Stream Engine Initialization
<17:51:52> GameName: Lumberyard
<17:51:52> BuildTime: Jun 21 2016 16:48:02
<17:51:52> Physics initialization
<17:51:52> Renderer initialization
<17:51:52> Logging video adapters:
<17:51:52> - Intel(R) HD Graphics 530 (vendor = 0x8086, device = 0x191b)
<17:51:52>   - Adapter index: 0
<17:51:52>   - Dedicated video memory: 128 MB
<17:51:52>   - Feature level: DX11 (SM 5.0)
<17:51:52>   - Displays connected: yes
<17:51:52>   - Suitable rendering device: yes
<17:51:53> - NVIDIA GeForce GTX 970M (vendor = 0x10de, device = 0x13d8)
<17:51:53>   - Adapter index: 1
<17:51:53>   - Dedicated video memory: 3032 MB
<17:51:53>   - Feature level: DX11 (SM 5.0)
<17:51:53>   - Displays connected: no
<17:51:53>   - Suitable rendering device: no
<17:51:53> - Microsoft Basic Render Driver (vendor = 0x1414, device = 0x008c)
<17:51:53>   - Adapter index: 2
<17:51:53>   - Dedicated video memory: 0 MB
<17:51:53>   - Feature level: DX11 (SM 5.0)
<17:51:53>   - Displays connected: no
<17:51:53>   - Suitable rendering device: no
<17:51:53> Active GPUs: 1
<17:51:53> <Audio>: AudioSystem initialization
<17:52:23> Font initialization
<17:52:23> Using FreeType 2.5.0
<17:52:23> MovieSystem initialization
<17:52:23> Time initialization
<17:52:23> Input initialization
<17:52:23> UI system initialization
<17:52:23> AI initialization
<17:52:23> Initializing Animation System
<17:52:23> Initializing 3D Engine
<17:52:23> Initializing Gems System
<17:52:23> Script System Initialization
<17:52:23> Entity system initialization
<17:52:23> Network initialization
<17:52:23> [Network Version]: RELEASE 
<17:52:23> Initializing AI System
<17:52:23> Initializing additional systems
<17:52:23> Dynamic Response System initialization
<17:52:23> No Dynamic Response System was loaded from a module, will use the NULL DynamicResponseSystem.
<17:52:23> LmbrAWS system initialization
<17:52:24> [GameProfiles]: Successfully activated profile 'default' for user 'Jarod::MultiplayerProjectLauncher'
<17:52:24> Initializing default materials...
<17:52:24>     sv_port = 0 [DUMPTODISK]
<17:52:24>     gamelift_fleet_id = fleet-fakefleet [DUMPTODISK]
<17:52:24>     gamelift_aws_access_key = AKIAIOSFODNN7EXAMPLE [DUMPTODISK]
<17:52:24>     gamelift_aws_secret_key = wJalrXUtnFEMI/K7MDENG/bPxRfiCYEXAMPLEKEY [DUMPTODISK]
<17:52:24> ============================ Loading level gameliftsamplelobby ============================
<17:52:24> GameRules: Set game rules to 0000013C5A915EA0, GameRules
<17:52:38> GameRules: Set game rules to 0000000000000000, <unknown>
<17:52:38> GameRules: Set game rules to 0000000000000000, <unknown>
<17:52:39> Initializing default materials...
<17:52:39> GameRules: Set game rules to 0000013C5AA991D0, GameRules
<17:52:40> [Game] Player 3105317647l owns character 5
<17:52:40> [Game] Assigning character 5 to local player
<17:52:40> Delegating script authority of entity 47 to client 3105317647
<17:52:40> Delegating script authority of entity 49 to client 3105317647
<17:52:40> Delegating physics network authority of entity 51 to client 3105317647
<17:52:40> Delegating script authority of entity 51 to client 3105317647
<17:57:46> GameRules: Set game rules to 0000000000000000, <unknown>
<17:57:46> GameRules: Set game rules to 0000000000000000, <unknown>
<17:57:47> System Shutdown
