BackupNameAttachment=" Build(0) 03 Dec 20 (16 02 09)"  -- used by backup system
Log Started at 12/03/20 16:02:09
Built on Jun 21 2016 16:48:02
Running 64 bit Windows version
Executable: C:\Users\Owner\Desktop\CS\CSE824\CSE824_Project\GameLift_MultiplayerSampleClient\GameLiftSampleClient\Bin64.Release\MultiplayerProjectLauncher.exe
FileVersion: 0.0.0.0
ProductVersion: 0.0.0.0 - Build 0
Using Microsoft (tm) C++ Standard Library implementation

Total number of logical processors: 8
Number of available logical processors: 8
Total number of system cores: 4
Number of cores available to process: 4
 
Processor 0:
  CPU: Intel Intel(R) Core(TM) i7-6700HQ CPU @ 2.60GHz
  Family: 6, Model: 14, Stepping: 3
  FPU: On-Chip
  3DNow!: not present
  MMX: not present
  SSE: present
  SSE2: present
  SSE3: present
  Serial number not present or disabled
 
Processor 1:
  CPU: Intel Intel(R) Core(TM) i7-6700HQ CPU @ 2.60GHz
  Family: 6, Model: 14, Stepping: 3
  FPU: On-Chip
  3DNow!: not present
  MMX: not present
  SSE: present
  SSE2: present
  SSE3: present
  Serial number not present or disabled
 
Processor 2:
  CPU: Intel Intel(R) Core(TM) i7-6700HQ CPU @ 2.60GHz
  Family: 6, Model: 14, Stepping: 3
  FPU: On-Chip
  3DNow!: not present
  MMX: not present
  SSE: present
  SSE2: present
  SSE3: present
  Serial number not present or disabled
 
Processor 3:
  CPU: Intel Intel(R) Core(TM) i7-6700HQ CPU @ 2.60GHz
  Family: 6, Model: 14, Stepping: 3
  FPU: On-Chip
  3DNow!: not present
  MMX: not present
  SSE: present
  SSE2: present
  SSE3: present
  Serial number not present or disabled
 
Loading system configuration from system_windows_pc.cfg...
<16:02:09> GameDir: MultiplayerProject
<16:02:10> Windows 8 64 bit (build 6.2.9200)
<16:02:10> System language: English
<16:02:10> Windows Directory: "C:\WINDOWS"
<16:02:10> Local time is 16:02:10 12/03/20, system running for 29550 minutes
<16:02:10> 12184MB physical memory installed, 2823MB available, 134217727MB virtual memory installed, 76 percent of memory in use
<16:02:10> PageFile usage: 39MB, Working Set: 42MB, Peak PageFile usage: 39MB,
<16:02:10> Current display mode is 1920x1080x32, (Unknown graphics card)
<16:02:10> Japanese keyboard and 16+ button mouse installed
<16:02:10> --------------------------------------------------------------------------------
<16:02:10> Stream Engine Initialization
<16:02:10> GameName: Lumberyard
<16:02:10> BuildTime: Jun 21 2016 16:48:02
<16:02:10> Physics initialization
<16:02:10> Renderer initialization
<16:02:10> Logging video adapters:
<16:02:10> - Intel(R) HD Graphics 530 (vendor = 0x8086, device = 0x191b)
<16:02:10>   - Adapter index: 0
<16:02:10>   - Dedicated video memory: 128 MB
<16:02:10>   - Feature level: DX11 (SM 5.0)
<16:02:10>   - Displays connected: yes
<16:02:10>   - Suitable rendering device: yes
<16:02:10> - NVIDIA GeForce GTX 970M (vendor = 0x10de, device = 0x13d8)
<16:02:10>   - Adapter index: 1
<16:02:10>   - Dedicated video memory: 3032 MB
<16:02:10>   - Feature level: DX11 (SM 5.0)
<16:02:10>   - Displays connected: no
<16:02:10>   - Suitable rendering device: no
<16:02:10> - Microsoft Basic Render Driver (vendor = 0x1414, device = 0x008c)
<16:02:10>   - Adapter index: 2
<16:02:10>   - Dedicated video memory: 0 MB
<16:02:10>   - Feature level: DX11 (SM 5.0)
<16:02:10>   - Displays connected: no
<16:02:10>   - Suitable rendering device: no
<16:02:11> Active GPUs: 1
<16:02:11> <Audio>: AudioSystem initialization
<16:02:42> Font initialization
<16:02:42> Using FreeType 2.5.0
<16:02:42> MovieSystem initialization
<16:02:42> Time initialization
<16:02:42> Input initialization
<16:02:42> UI system initialization
<16:02:42> AI initialization
<16:02:42> Initializing Animation System
<16:02:42> Initializing 3D Engine
<16:02:42> Initializing Gems System
<16:02:42> Script System Initialization
<16:02:42> Entity system initialization
<16:02:42> Network initialization
<16:02:42> [Network Version]: RELEASE 
<16:02:42> Initializing AI System
<16:02:42> Initializing additional systems
<16:02:42> Dynamic Response System initialization
<16:02:42> No Dynamic Response System was loaded from a module, will use the NULL DynamicResponseSystem.
<16:02:42> LmbrAWS system initialization
<16:02:42> [GameProfiles]: Successfully activated profile 'default' for user 'Jarod::MultiplayerProjectLauncher'
<16:02:42> Initializing default materials...
<16:02:42>     sv_port = 0 [DUMPTODISK]
<16:02:42>     gamelift_fleet_id = fleet-fakefleet [DUMPTODISK]
<16:02:42>     gamelift_aws_access_key = AKIAIOSFODNN7EXAMPLE [DUMPTODISK]
<16:02:42>     gamelift_aws_secret_key = wJalrXUtnFEMI/K7MDENG/bPxRfiCYEXAMPLEKEY [DUMPTODISK]
<16:02:42> ============================ Loading level gameliftsamplelobby ============================
<16:02:43> GameRules: Set game rules to 00000237279663A0, GameRules
<16:03:01> GameRules: Set game rules to 0000000000000000, <unknown>
<16:03:01> GameRules: Set game rules to 0000000000000000, <unknown>
<16:03:02> Initializing default materials...
<16:03:02> GameRules: Set game rules to 0000023727AEAC30, GameRules
<16:03:03> [Game] Player 441244434l owns character 4
<16:03:03> [Game] Assigning character 4 to local player
<16:03:03> Delegating script authority of entity 39 to client 441244434
<16:03:03> Delegating script authority of entity 41 to client 441244434
<16:03:03> Delegating physics network authority of entity 43 to client 441244434
<16:03:03> Delegating script authority of entity 43 to client 441244434
<16:05:30> [Game] Player 3992240938l owns character 5
<16:05:30> [Game] Player 1810945864l owns character 6
<16:06:26> [Game] Player 2527136416l owns character 7
<16:15:34> GameRules: Set game rules to 0000000000000000, <unknown>
<16:15:34> GameRules: Set game rules to 0000000000000000, <unknown>
<16:15:36> System Shutdown
